[09/11/21 13:29:49] [WARNING] mysql_connect: no password specified (Youtube.pwn:107 -> Youtube.pwn:224)
[09/11/21 13:29:49] [ERROR] CConnection::CConnection - establishing connection to MySQL database failed: #1049 'Unknown database 'soyer''
[09/11/21 13:29:49] [ERROR] CConnection::CConnection - establishing connection to MySQL database failed: #1049 'Unknown database 'soyer''
[09/11/21 13:29:49] [ERROR] CConnection::CConnection - establishing connection to MySQL database failed: #1049 'Unknown database 'soyer''
[09/11/21 13:29:49] [ERROR] CConnection::CConnection - establishing connection to MySQL database failed: #1049 'Unknown database 'soyer''
[09/11/21 13:33:37] [WARNING] mysql_connect: no password specified (Youtube.pwn:107 -> Youtube.pwn:224)
[09/11/21 13:33:37] [ERROR] CConnection::CConnection - establishing connection to MySQL database failed: #1049 'Unknown database 'soyer''
[09/11/21 13:33:37] [ERROR] CConnection::CConnection - establishing connection to MySQL database failed: #1049 'Unknown database 'soyer''
[09/11/21 13:33:37] [ERROR] CConnection::CConnection - establishing connection to MySQL database failed: #1049 'Unknown database 'soyer''
[09/11/21 13:33:37] [ERROR] CConnection::CConnection - establishing connection to MySQL database failed: #1049 'Unknown database 'soyer''
[09/11/21 13:33:51] [WARNING] mysql_connect: no password specified (Youtube.pwn:107 -> Youtube.pwn:224)
[09/11/21 14:16:36] [WARNING] mysql_connect: no password specified (Youtube.pwn:109 -> Youtube.pwn:226)
[09/11/21 14:19:47] [WARNING] mysql_connect: no password specified (Youtube.pwn:109 -> Youtube.pwn:226)
[09/11/21 14:21:08] [WARNING] mysql_connect: no password specified (Youtube.pwn:109 -> Youtube.pwn:226)
[09/11/21 14:25:35] [WARNING] mysql_connect: no password specified (Youtube.pwn:109 -> Youtube.pwn:226)
[09/11/21 14:40:41] [ERROR] CConnection::CConnection - establishing connection to MySQL database failed: #1045 'Access denied for user 'username'@'localhost' (using password: YES)'
[09/11/21 14:40:41] [ERROR] CConnection::CConnection - establishing connection to MySQL database failed: #1045 'Access denied for user 'username'@'localhost' (using password: YES)'
[09/11/21 14:40:41] [ERROR] CConnection::CConnection - establishing connection to MySQL database failed: #1045 'Access denied for user 'username'@'localhost' (using password: YES)'
[09/11/21 14:40:41] [ERROR] CConnection::CConnection - establishing connection to MySQL database failed: #1045 'Access denied for user 'username'@'localhost' (using password: YES)'
[09/11/21 14:41:00] [ERROR] CConnection::CConnection - establishing connection to MySQL database failed: #1045 'Access denied for user 'username'@'localhost' (using password: YES)'
[09/11/21 14:41:00] [ERROR] CConnection::CConnection - establishing connection to MySQL database failed: #1045 'Access denied for user 'username'@'localhost' (using password: YES)'
[09/11/21 14:41:00] [ERROR] CConnection::CConnection - establishing connection to MySQL database failed: #1045 'Access denied for user 'username'@'localhost' (using password: YES)'
[09/11/21 14:41:00] [ERROR] CConnection::CConnection - establishing connection to MySQL database failed: #1045 'Access denied for user 'username'@'localhost' (using password: YES)'
[09/11/21 14:41:01] [ERROR] CConnection::CConnection - establishing connection to MySQL database failed: #1045 'Access denied for user 'username'@'localhost' (using password: YES)'
[09/11/21 14:41:01] [ERROR] CConnection::CConnection - establishing connection to MySQL database failed: #1045 'Access denied for user 'username'@'localhost' (using password: YES)'
[09/11/21 14:41:01] [ERROR] CConnection::CConnection - establishing connection to MySQL database failed: #1045 'Access denied for user 'username'@'localhost' (using password: YES)'
[09/11/21 14:41:01] [ERROR] CConnection::CConnection - establishing connection to MySQL database failed: #1045 'Access denied for user 'username'@'localhost' (using password: YES)'
[09/11/21 14:41:02] [ERROR] CConnection::CConnection - establishing connection to MySQL database failed: #1045 'Access denied for user 'username'@'localhost' (using password: YES)'
[09/11/21 14:41:02] [ERROR] CConnection::CConnection - establishing connection to MySQL database failed: #1045 'Access denied for user 'username'@'localhost' (using password: YES)'
[09/11/21 14:41:02] [ERROR] CConnection::CConnection - establishing connection to MySQL database failed: #1045 'Access denied for user 'username'@'localhost' (using password: YES)'
[09/11/21 14:41:02] [ERROR] CConnection::CConnection - establishing connection to MySQL database failed: #1045 'Access denied for user 'username'@'localhost' (using password: YES)'
[09/11/21 14:41:35] [WARNING] mysql_connect: no password specified (Youtube.pwn:70)
[10:03:44] [WARNING] mysql_connect: no password specified (D:\ §√‘ª∑—ÈßÀ¡¥\ §√‘ªYoutube\Youtube\gamemodes\includes/login/login.inc:8 -> D:\ §√‘ª∑—ÈßÀ¡¥\ §√‘ªYoutube\Youtube\pawno\include\sscanf2.inc:222 -> D:\ §√‘ª∑—ÈßÀ¡¥\ §√‘ªYoutube\Youtube\pawno\include\YSI_Data\y_foreach\..\..\YSI_Coding\y_va\..\..\YSI_Core\y_core\..\..\indirection\indirection.inc:1033)
[10:05:15] [WARNING] mysql_connect: no password specified (D:\ §√‘ª∑—ÈßÀ¡¥\ §√‘ªYoutube\Youtube\gamemodes\includes/login/login.inc:8 -> D:\ §√‘ª∑—ÈßÀ¡¥\ §√‘ªYoutube\Youtube\pawno\include\sscanf2.inc:222 -> D:\ §√‘ª∑—ÈßÀ¡¥\ §√‘ªYoutube\Youtube\pawno\include\YSI_Data\y_foreach\..\..\YSI_Coding\y_va\..\..\YSI_Core\y_core\..\..\indirection\indirection.inc:1033)
[10:06:30] [ERROR] cache_get_value_name: invalid row index '0' (number of rows: '0') (D:\ §√‘ª∑—ÈßÀ¡¥\ §√‘ªYoutube\Youtube\gamemodes\includes/login/login.inc:221)
[10:06:30] [ERROR] cache_get_value_name_int: invalid row index '0' (number of rows: '0') (D:\ §√‘ª∑—ÈßÀ¡¥\ §√‘ªYoutube\Youtube\gamemodes\includes/login/login.inc:222)
[10:07:22] [WARNING] mysql_connect: no password specified (D:\ §√‘ª∑—ÈßÀ¡¥\ §√‘ªYoutube\Youtube\gamemodes\includes/login/login.inc:8 -> D:\ §√‘ª∑—ÈßÀ¡¥\ §√‘ªYoutube\Youtube\pawno\include\sscanf2.inc:222 -> D:\ §√‘ª∑—ÈßÀ¡¥\ §√‘ªYoutube\Youtube\pawno\include\YSI_Data\y_foreach\..\..\YSI_Coding\y_va\..\..\YSI_Core\y_core\..\..\indirection\indirection.inc:1033)
[10:07:47] [ERROR] cache_get_value_name: invalid row index '0' (number of rows: '0') (D:\ §√‘ª∑—ÈßÀ¡¥\ §√‘ªYoutube\Youtube\gamemodes\includes/login/login.inc:221)
[10:07:47] [ERROR] cache_get_value_name_int: invalid row index '0' (number of rows: '0') (D:\ §√‘ª∑—ÈßÀ¡¥\ §√‘ªYoutube\Youtube\gamemodes\includes/login/login.inc:222)
[10:10:38] [WARNING] mysql_connect: no password specified (D:\ §√‘ª∑—ÈßÀ¡¥\ §√‘ªYoutube\Youtube\gamemodes\includes/login/login.inc:8 -> D:\ §√‘ª∑—ÈßÀ¡¥\ §√‘ªYoutube\Youtube\pawno\include\sscanf2.inc:222 -> D:\ §√‘ª∑—ÈßÀ¡¥\ §√‘ªYoutube\Youtube\pawno\include\YSI_Data\y_foreach\..\..\YSI_Coding\y_va\..\..\YSI_Core\y_core\..\..\indirection\indirection.inc:1033)
[10:12:05] [WARNING] mysql_connect: no password specified (D:\ §√‘ª∑—ÈßÀ¡¥\ §√‘ªYoutube\Youtube\gamemodes\includes/login/login.inc:8 -> D:\ §√‘ª∑—ÈßÀ¡¥\ §√‘ªYoutube\Youtube\pawno\include\sscanf2.inc:222 -> D:\ §√‘ª∑—ÈßÀ¡¥\ §√‘ªYoutube\Youtube\pawno\include\YSI_Data\y_foreach\..\..\YSI_Coding\y_va\..\..\YSI_Core\y_core\..\..\indirection\indirection.inc:1033)
[10:12:12] [ERROR] cache_get_value_name: invalid row index '0' (number of rows: '0') (D:\ §√‘ª∑—ÈßÀ¡¥\ §√‘ªYoutube\Youtube\gamemodes\includes/login/login.inc:221)
[10:12:12] [ERROR] cache_get_value_name_int: invalid row index '0' (number of rows: '0') (D:\ §√‘ª∑—ÈßÀ¡¥\ §√‘ªYoutube\Youtube\gamemodes\includes/login/login.inc:222)
[10:15:00] [WARNING] mysql_connect: no password specified (D:\ §√‘ª∑—ÈßÀ¡¥\ §√‘ªYoutube\Youtube\gamemodes\includes/login/login.inc:8 -> D:\ §√‘ª∑—ÈßÀ¡¥\ §√‘ªYoutube\Youtube\pawno\include\sscanf2.inc:222 -> D:\ §√‘ª∑—ÈßÀ¡¥\ §√‘ªYoutube\Youtube\pawno\include\YSI_Data\y_foreach\..\..\YSI_Coding\y_va\..\..\YSI_Core\y_core\..\..\indirection\indirection.inc:1033)
[10:15:11] [WARNING] mysql_connect: no password specified (D:\ §√‘ª∑—ÈßÀ¡¥\ §√‘ªYoutube\Youtube\gamemodes\includes/login/login.inc:8 -> D:\ §√‘ª∑—ÈßÀ¡¥\ §√‘ªYoutube\Youtube\pawno\include\sscanf2.inc:222 -> D:\ §√‘ª∑—ÈßÀ¡¥\ §√‘ªYoutube\Youtube\pawno\include\YSI_Data\y_foreach\..\..\YSI_Coding\y_va\..\..\YSI_Core\y_core\..\..\indirection\indirection.inc:1033)
[10:15:19] [ERROR] cache_get_value_name: invalid row index '0' (number of rows: '0') (D:\ §√‘ª∑—ÈßÀ¡¥\ §√‘ªYoutube\Youtube\gamemodes\includes/login/login.inc:221)
[10:15:19] [ERROR] cache_get_value_name_int: invalid row index '0' (number of rows: '0') (D:\ §√‘ª∑—ÈßÀ¡¥\ §√‘ªYoutube\Youtube\gamemodes\includes/login/login.inc:222)
[10:20:19] [WARNING] mysql_connect: no password specified (D:\ §√‘ª∑—ÈßÀ¡¥\ §√‘ªYoutube\Youtube\gamemodes\includes/login/login.inc:8 -> D:\ §√‘ª∑—ÈßÀ¡¥\ §√‘ªYoutube\Youtube\pawno\include\sscanf2.inc:222 -> D:\ §√‘ª∑—ÈßÀ¡¥\ §√‘ªYoutube\Youtube\pawno\include\YSI_Data\y_foreach\..\..\YSI_Coding\y_va\..\..\YSI_Core\y_core\..\..\indirection\indirection.inc:1033)
[10:20:24] [ERROR] cache_get_value_name: invalid row index '0' (number of rows: '0') (D:\ §√‘ª∑—ÈßÀ¡¥\ §√‘ªYoutube\Youtube\gamemodes\includes/login/login.inc:221)
[10:20:24] [ERROR] cache_get_value_name_int: invalid row index '0' (number of rows: '0') (D:\ §√‘ª∑—ÈßÀ¡¥\ §√‘ªYoutube\Youtube\gamemodes\includes/login/login.inc:222)
[10:22:11] [WARNING] mysql_connect: no password specified (D:\ §√‘ª∑—ÈßÀ¡¥\ §√‘ªYoutube\Youtube\gamemodes\includes/login/login.inc:8 -> D:\ §√‘ª∑—ÈßÀ¡¥\ §√‘ªYoutube\Youtube\pawno\include\sscanf2.inc:222 -> D:\ §√‘ª∑—ÈßÀ¡¥\ §√‘ªYoutube\Youtube\pawno\include\YSI_Data\y_foreach\..\..\YSI_Coding\y_va\..\..\YSI_Core\y_core\..\..\indirection\indirection.inc:1033)
[10:22:29] [ERROR] cache_get_value_name: invalid row index '0' (number of rows: '0') (D:\ §√‘ª∑—ÈßÀ¡¥\ §√‘ªYoutube\Youtube\gamemodes\includes/login/login.inc:221)
[10:22:29] [ERROR] cache_get_value_name_int: invalid row index '0' (number of rows: '0') (D:\ §√‘ª∑—ÈßÀ¡¥\ §√‘ªYoutube\Youtube\gamemodes\includes/login/login.inc:222)
[19:21:52] [WARNING] mysql_connect: no password specified (D:\ §√‘ª∑—ÈßÀ¡¥\ §√‘ªYoutube\Youtube\gamemodes\Youtube.pwn:89 -> D:\ §√‘ª∑—ÈßÀ¡¥\ §√‘ªYoutube\Youtube\pawno\include\Pawn.CMD.inc:127 -> D:\ §√‘ª∑—ÈßÀ¡¥\ §√‘ªYoutube\Youtube\pawno\include\sscanf2.inc:221)
[19:21:56] [ERROR] CConnection::CConnection - establishing connection to MySQL database failed: #2002 'Can't connect to MySQL server on 'localhost' (10061)'
[19:22:00] [ERROR] CConnection::CConnection - establishing connection to MySQL database failed: #2002 'Can't connect to MySQL server on 'localhost' (10061)'
[19:28:13] [WARNING] mysql_connect: no password specified (D:\ §√‘ª∑—ÈßÀ¡¥\ §√‘ªYoutube\Youtube\gamemodes\Youtube.pwn:89 -> D:\ §√‘ª∑—ÈßÀ¡¥\ §√‘ªYoutube\Youtube\pawno\include\Pawn.CMD.inc:127 -> D:\ §√‘ª∑—ÈßÀ¡¥\ §√‘ªYoutube\Youtube\pawno\include\sscanf2.inc:221)
[19:28:17] [ERROR] CConnection::CConnection - establishing connection to MySQL database failed: #2002 'Can't connect to MySQL server on 'localhost' (10061)'
[19:28:30] [WARNING] mysql_connect: no password specified (D:\ §√‘ª∑—ÈßÀ¡¥\ §√‘ªYoutube\Youtube\gamemodes\Youtube.pwn:89 -> D:\ §√‘ª∑—ÈßÀ¡¥\ §√‘ªYoutube\Youtube\pawno\include\Pawn.CMD.inc:127 -> D:\ §√‘ª∑—ÈßÀ¡¥\ §√‘ªYoutube\Youtube\pawno\include\sscanf2.inc:221)
[19:28:34] [ERROR] CConnection::CConnection - establishing connection to MySQL database failed: #2002 'Can't connect to MySQL server on 'localhost' (10061)'
[19:30:17] [WARNING] mysql_connect: no password specified (D:\ §√‘ª∑—ÈßÀ¡¥\ §√‘ªYoutube\Youtube\gamemodes\Youtube.pwn:89 -> D:\ §√‘ª∑—ÈßÀ¡¥\ §√‘ªYoutube\Youtube\pawno\include\Pawn.CMD.inc:127 -> D:\ §√‘ª∑—ÈßÀ¡¥\ §√‘ªYoutube\Youtube\pawno\include\sscanf2.inc:221)
[19:46:51] [WARNING] mysql_connect: no password specified (D:\ §√‘ª∑—ÈßÀ¡¥\ §√‘ªYoutube\Youtube\gamemodes\Youtube.pwn:89 -> D:\ §√‘ª∑—ÈßÀ¡¥\ §√‘ªYoutube\Youtube\pawno\include\Pawn.CMD.inc:127 -> D:\ §√‘ª∑—ÈßÀ¡¥\ §√‘ªYoutube\Youtube\pawno\include\sscanf2.inc:221)
[19:50:13] [ERROR] cache_get_value_name: invalid row index '0' (number of rows: '0') (D:\ §√‘ª∑—ÈßÀ¡¥\ §√‘ªYoutube\Youtube\gamemodes\Youtube.pwn:326)
[19:50:13] [ERROR] cache_get_value_name_int: invalid row index '0' (number of rows: '0') (D:\ §√‘ª∑—ÈßÀ¡¥\ §√‘ªYoutube\Youtube\gamemodes\Youtube.pwn:327)
[20:02:54] [WARNING] mysql_connect: no password specified (D:\ §√‘ª∑—ÈßÀ¡¥\ §√‘ªYoutube\Youtube\gamemodes\Youtube.pwn:38 -> D:\ §√‘ª∑—ÈßÀ¡¥\ §√‘ªYoutube\Youtube\pawno\include\YSI_Coding\y_hooks\..\y_cgen\..\..\YSI_Core\y_core\..\..\indirection\indirection.inc:1034 -> D:\ §√‘ª∑—ÈßÀ¡¥\ §√‘ªYoutube\Youtube\pawno\include\YSI_Coding\y_hooks\..\y_cgen\y_cgen.inc:132)
[20:03:02] [ERROR] cache_get_value_name: invalid row index '0' (number of rows: '0') (D:\ §√‘ª∑—ÈßÀ¡¥\ §√‘ªYoutube\Youtube\gamemodes\includes/callback/login.inc:198)
[20:03:02] [ERROR] cache_get_value_name_int: invalid row index '0' (number of rows: '0') (D:\ §√‘ª∑—ÈßÀ¡¥\ §√‘ªYoutube\Youtube\gamemodes\includes/callback/login.inc:199)
[20:32:03] [WARNING] mysql_connect: no password specified (D:\ §√‘ª∑—ÈßÀ¡¥\ §√‘ªYoutube\Youtube\gamemodes\Youtube.pwn:38 -> D:\ §√‘ª∑—ÈßÀ¡¥\ §√‘ªYoutube\Youtube\pawno\include\YSI_Coding\y_hooks\..\y_cgen\..\..\YSI_Core\y_core\..\..\indirection\indirection.inc:1034 -> D:\ §√‘ª∑—ÈßÀ¡¥\ §√‘ªYoutube\Youtube\pawno\include\YSI_Coding\y_hooks\..\y_cgen\y_cgen.inc:132)
[20:32:10] [ERROR] cache_get_value_name_int: field 'RedMoeny' not found (includes/callback/upload.pwn:21)
[20:41:23] [WARNING] mysql_connect: no password specified (D:\ §√‘ª∑—ÈßÀ¡¥\ §√‘ªYoutube\Youtube\gamemodes\Youtube.pwn:38 -> D:\ §√‘ª∑—ÈßÀ¡¥\ §√‘ªYoutube\Youtube\pawno\include\YSI_Coding\y_hooks\..\y_cgen\..\..\YSI_Core\y_core\..\..\indirection\indirection.inc:1034 -> D:\ §√‘ª∑—ÈßÀ¡¥\ §√‘ªYoutube\Youtube\pawno\include\YSI_Coding\y_hooks\..\y_cgen\y_cgen.inc:132)
[20:41:29] [ERROR] cache_get_value_name_int: field 'RedMoeny' not found (includes/callback/upload.pwn:21)
[11:16:50] [WARNING] mysql_connect: no password specified (D:\ §√‘ª∑—ÈßÀ¡¥\ §√‘ªYoutube\Youtube\gamemodes\Youtube.pwn:38 -> D:\ §√‘ª∑—ÈßÀ¡¥\ §√‘ªYoutube\Youtube\pawno\include\YSI_Coding\y_hooks\..\y_cgen\..\..\YSI_Core\y_core\..\..\indirection\indirection.inc:1034 -> D:\ §√‘ª∑—ÈßÀ¡¥\ §√‘ªYoutube\Youtube\pawno\include\YSI_Coding\y_hooks\..\y_cgen\y_cgen.inc:132)
[11:17:02] [ERROR] cache_get_value_name_int: field 'RedMoeny' not found (includes/callback/upload.pwn:21)
[11:18:14] [WARNING] mysql_connect: no password specified (D:\ §√‘ª∑—ÈßÀ¡¥\ §√‘ªYoutube\Youtube\gamemodes\Youtube.pwn:38 -> D:\ §√‘ª∑—ÈßÀ¡¥\ §√‘ªYoutube\Youtube\pawno\include\YSI_Coding\y_hooks\..\y_cgen\..\..\YSI_Core\y_core\..\..\indirection\indirection.inc:1034 -> D:\ §√‘ª∑—ÈßÀ¡¥\ §√‘ªYoutube\Youtube\pawno\include\YSI_Coding\y_hooks\..\y_cgen\y_cgen.inc:132)
[11:18:28] [WARNING] mysql_connect: no password specified (D:\ §√‘ª∑—ÈßÀ¡¥\ §√‘ªYoutube\Youtube\gamemodes\Youtube.pwn:38 -> D:\ §√‘ª∑—ÈßÀ¡¥\ §√‘ªYoutube\Youtube\pawno\include\YSI_Coding\y_hooks\..\y_cgen\..\..\YSI_Core\y_core\..\..\indirection\indirection.inc:1034 -> D:\ §√‘ª∑—ÈßÀ¡¥\ §√‘ªYoutube\Youtube\pawno\include\YSI_Coding\y_hooks\..\y_cgen\y_cgen.inc:132)
[11:18:32] [ERROR] cache_get_value_name_int: field 'RedMoeny' not found (includes/callback/upload.pwn:21)
[11:19:53] [WARNING] mysql_connect: no password specified (D:\ §√‘ª∑—ÈßÀ¡¥\ §√‘ªYoutube\Youtube\gamemodes\Youtube.pwn:38 -> D:\ §√‘ª∑—ÈßÀ¡¥\ §√‘ªYoutube\Youtube\pawno\include\YSI_Coding\y_hooks\..\y_cgen\..\..\YSI_Core\y_core\..\..\indirection\indirection.inc:1034 -> D:\ §√‘ª∑—ÈßÀ¡¥\ §√‘ªYoutube\Youtube\pawno\include\YSI_Coding\y_hooks\..\y_cgen\y_cgen.inc:132)
[11:20:02] [WARNING] mysql_connect: no password specified (D:\ §√‘ª∑—ÈßÀ¡¥\ §√‘ªYoutube\Youtube\gamemodes\Youtube.pwn:38 -> D:\ §√‘ª∑—ÈßÀ¡¥\ §√‘ªYoutube\Youtube\pawno\include\YSI_Coding\y_hooks\..\y_cgen\..\..\YSI_Core\y_core\..\..\indirection\indirection.inc:1034 -> D:\ §√‘ª∑—ÈßÀ¡¥\ §√‘ªYoutube\Youtube\pawno\include\YSI_Coding\y_hooks\..\y_cgen\y_cgen.inc:132)
[11:20:07] [ERROR] cache_get_value_name_int: field 'RedMoeny' not found (includes/callback/upload.pwn:21)
[11:36:55] [WARNING] mysql_connect: no password specified (D:\ §√‘ª∑—ÈßÀ¡¥\ §√‘ªYoutube\Youtube\gamemodes\Youtube.pwn:38 -> D:\ §√‘ª∑—ÈßÀ¡¥\ §√‘ªYoutube\Youtube\pawno\include\YSI_Coding\y_hooks\..\y_cgen\..\..\YSI_Core\y_core\..\..\indirection\indirection.inc:1034 -> D:\ §√‘ª∑—ÈßÀ¡¥\ §√‘ªYoutube\Youtube\pawno\include\YSI_Coding\y_hooks\..\y_cgen\y_cgen.inc:132)
[11:37:02] [ERROR] cache_get_value_name_int: field 'RedMoeny' not found (includes/callback/upload.pwn:21)
[11:38:08] [WARNING] mysql_connect: no password specified (D:\ §√‘ª∑—ÈßÀ¡¥\ §√‘ªYoutube\Youtube\gamemodes\Youtube.pwn:38 -> D:\ §√‘ª∑—ÈßÀ¡¥\ §√‘ªYoutube\Youtube\pawno\include\YSI_Coding\y_hooks\..\y_cgen\..\..\YSI_Core\y_core\..\..\indirection\indirection.inc:1034 -> D:\ §√‘ª∑—ÈßÀ¡¥\ §√‘ªYoutube\Youtube\pawno\include\YSI_Coding\y_hooks\..\y_cgen\y_cgen.inc:132)
[11:38:16] [ERROR] cache_get_value_name_int: field 'RedMoeny' not found (includes/callback/upload.pwn:21)
[11:39:07] [WARNING] mysql_connect: no password specified (D:\ §√‘ª∑—ÈßÀ¡¥\ §√‘ªYoutube\Youtube\gamemodes\Youtube.pwn:38 -> D:\ §√‘ª∑—ÈßÀ¡¥\ §√‘ªYoutube\Youtube\pawno\include\YSI_Coding\y_hooks\..\y_cgen\..\..\YSI_Core\y_core\..\..\indirection\indirection.inc:1034 -> D:\ §√‘ª∑—ÈßÀ¡¥\ §√‘ªYoutube\Youtube\pawno\include\YSI_Coding\y_hooks\..\y_cgen\y_cgen.inc:132)
[11:39:55] [ERROR] cache_get_value_name_int: field 'RedMoeny' not found (includes/callback/upload.pwn:21)
[11:40:26] [WARNING] mysql_connect: no password specified (D:\ §√‘ª∑—ÈßÀ¡¥\ §√‘ªYoutube\Youtube\gamemodes\Youtube.pwn:38 -> D:\ §√‘ª∑—ÈßÀ¡¥\ §√‘ªYoutube\Youtube\pawno\include\YSI_Coding\y_hooks\..\y_cgen\..\..\YSI_Core\y_core\..\..\indirection\indirection.inc:1034 -> D:\ §√‘ª∑—ÈßÀ¡¥\ §√‘ªYoutube\Youtube\pawno\include\YSI_Coding\y_hooks\..\y_cgen\y_cgen.inc:132)
[11:40:41] [ERROR] cache_get_value_name_int: field 'RedMoeny' not found (includes/callback/upload.pwn:21)
[11:43:41] [WARNING] mysql_connect: no password specified (D:\ §√‘ª∑—ÈßÀ¡¥\ §√‘ªYoutube\Youtube\gamemodes\Youtube.pwn:38 -> D:\ §√‘ª∑—ÈßÀ¡¥\ §√‘ªYoutube\Youtube\pawno\include\YSI_Coding\y_hooks\..\y_cgen\..\..\YSI_Core\y_core\..\..\indirection\indirection.inc:1034 -> D:\ §√‘ª∑—ÈßÀ¡¥\ §√‘ªYoutube\Youtube\pawno\include\YSI_Coding\y_hooks\..\y_cgen\y_cgen.inc:132)
[11:43:45] [ERROR] cache_get_value_name_int: field 'RedMoeny' not found (includes/callback/upload.pwn:21)
[11:45:48] [WARNING] mysql_connect: no password specified (D:\ §√‘ª∑—ÈßÀ¡¥\ §√‘ªYoutube\Youtube\gamemodes\Youtube.pwn:38 -> D:\ §√‘ª∑—ÈßÀ¡¥\ §√‘ªYoutube\Youtube\pawno\include\YSI_Coding\y_hooks\..\y_cgen\..\..\YSI_Core\y_core\..\..\indirection\indirection.inc:1034 -> D:\ §√‘ª∑—ÈßÀ¡¥\ §√‘ªYoutube\Youtube\pawno\include\YSI_Coding\y_hooks\..\y_cgen\y_cgen.inc:132)
[11:45:58] [ERROR] cache_get_value_name_int: field 'RedMoeny' not found (includes/callback/upload.pwn:21)
[11:47:45] [WARNING] mysql_connect: no password specified (D:\ §√‘ª∑—ÈßÀ¡¥\ §√‘ªYoutube\Youtube\gamemodes\Youtube.pwn:38 -> D:\ §√‘ª∑—ÈßÀ¡¥\ §√‘ªYoutube\Youtube\pawno\include\YSI_Coding\y_hooks\..\y_cgen\..\..\YSI_Core\y_core\..\..\indirection\indirection.inc:1034 -> D:\ §√‘ª∑—ÈßÀ¡¥\ §√‘ªYoutube\Youtube\pawno\include\YSI_Coding\y_hooks\..\y_cgen\y_cgen.inc:132)
[11:47:48] [ERROR] cache_get_value_name_int: field 'RedMoeny' not found (includes/callback/upload.pwn:21)
[11:48:57] [WARNING] mysql_connect: no password specified (D:\ §√‘ª∑—ÈßÀ¡¥\ §√‘ªYoutube\Youtube\gamemodes\Youtube.pwn:38 -> D:\ §√‘ª∑—ÈßÀ¡¥\ §√‘ªYoutube\Youtube\pawno\include\YSI_Coding\y_hooks\..\y_cgen\..\..\YSI_Core\y_core\..\..\indirection\indirection.inc:1034 -> D:\ §√‘ª∑—ÈßÀ¡¥\ §√‘ªYoutube\Youtube\pawno\include\YSI_Coding\y_hooks\..\y_cgen\y_cgen.inc:132)
[11:49:05] [ERROR] cache_get_value_name_int: field 'RedMoeny' not found (includes/callback/upload.pwn:21)
[11:51:03] [WARNING] mysql_connect: no password specified (D:\ §√‘ª∑—ÈßÀ¡¥\ §√‘ªYoutube\Youtube\gamemodes\Youtube.pwn:38 -> D:\ §√‘ª∑—ÈßÀ¡¥\ §√‘ªYoutube\Youtube\pawno\include\YSI_Coding\y_hooks\..\y_cgen\..\..\YSI_Core\y_core\..\..\indirection\indirection.inc:1034 -> D:\ §√‘ª∑—ÈßÀ¡¥\ §√‘ªYoutube\Youtube\pawno\include\YSI_Coding\y_hooks\..\y_cgen\y_cgen.inc:132)
[11:51:13] [ERROR] cache_get_value_name_int: field 'RedMoeny' not found (includes/callback/upload.pwn:21)
[11:52:38] [WARNING] mysql_connect: no password specified (D:\ §√‘ª∑—ÈßÀ¡¥\ §√‘ªYoutube\Youtube\gamemodes\Youtube.pwn:38 -> D:\ §√‘ª∑—ÈßÀ¡¥\ §√‘ªYoutube\Youtube\pawno\include\YSI_Coding\y_hooks\..\y_cgen\..\..\YSI_Core\y_core\..\..\indirection\indirection.inc:1034 -> D:\ §√‘ª∑—ÈßÀ¡¥\ §√‘ªYoutube\Youtube\pawno\include\YSI_Coding\y_hooks\..\y_cgen\y_cgen.inc:132)
[11:52:47] [ERROR] cache_get_value_name_int: field 'RedMoeny' not found (includes/callback/upload.pwn:21)
[12:16:33] [WARNING] mysql_connect: no password specified (D:\ §√‘ª∑—ÈßÀ¡¥\ §√‘ªYoutube\Youtube\gamemodes\Youtube.pwn:38 -> D:\ §√‘ª∑—ÈßÀ¡¥\ §√‘ªYoutube\Youtube\pawno\include\YSI_Coding\y_hooks\..\y_cgen\..\..\YSI_Core\y_core\..\..\indirection\indirection.inc:1034 -> D:\ §√‘ª∑—ÈßÀ¡¥\ §√‘ªYoutube\Youtube\pawno\include\YSI_Coding\y_hooks\..\y_cgen\y_cgen.inc:132)
[12:17:21] [WARNING] mysql_connect: no password specified (D:\ §√‘ª∑—ÈßÀ¡¥\ §√‘ªYoutube\Youtube\gamemodes\Youtube.pwn:38 -> D:\ §√‘ª∑—ÈßÀ¡¥\ §√‘ªYoutube\Youtube\pawno\include\YSI_Coding\y_hooks\..\y_cgen\..\..\YSI_Core\y_core\..\..\indirection\indirection.inc:1034 -> D:\ §√‘ª∑—ÈßÀ¡¥\ §√‘ªYoutube\Youtube\pawno\include\YSI_Coding\y_hooks\..\y_cgen\y_cgen.inc:132)
[12:17:24] [ERROR] cache_get_value_name_int: field 'RedMoeny' not found (includes/callback/upload.pwn:21)
[12:17:32] [WARNING] mysql_connect: no password specified (D:\ §√‘ª∑—ÈßÀ¡¥\ §√‘ªYoutube\Youtube\gamemodes\Youtube.pwn:38 -> D:\ §√‘ª∑—ÈßÀ¡¥\ §√‘ªYoutube\Youtube\pawno\include\YSI_Coding\y_hooks\..\y_cgen\..\..\YSI_Core\y_core\..\..\indirection\indirection.inc:1034 -> D:\ §√‘ª∑—ÈßÀ¡¥\ §√‘ªYoutube\Youtube\pawno\include\YSI_Coding\y_hooks\..\y_cgen\y_cgen.inc:132)
[12:17:45] [ERROR] cache_get_value_name_int: field 'RedMoeny' not found (includes/callback/upload.pwn:21)
[12:18:57] [WARNING] mysql_connect: no password specified (D:\ §√‘ª∑—ÈßÀ¡¥\ §√‘ªYoutube\Youtube\gamemodes\Youtube.pwn:38 -> D:\ §√‘ª∑—ÈßÀ¡¥\ §√‘ªYoutube\Youtube\pawno\include\YSI_Coding\y_hooks\..\y_cgen\..\..\YSI_Core\y_core\..\..\indirection\indirection.inc:1034 -> D:\ §√‘ª∑—ÈßÀ¡¥\ §√‘ªYoutube\Youtube\pawno\include\YSI_Coding\y_hooks\..\y_cgen\y_cgen.inc:132)
[12:19:02] [ERROR] cache_get_value_name_int: field 'RedMoeny' not found (includes/callback/upload.pwn:21)
[12:21:58] [WARNING] mysql_connect: no password specified (D:\ §√‘ª∑—ÈßÀ¡¥\ §√‘ªYoutube\Youtube\gamemodes\Youtube.pwn:38 -> D:\ §√‘ª∑—ÈßÀ¡¥\ §√‘ªYoutube\Youtube\pawno\include\YSI_Coding\y_hooks\..\y_cgen\..\..\YSI_Core\y_core\..\..\indirection\indirection.inc:1034 -> D:\ §√‘ª∑—ÈßÀ¡¥\ §√‘ªYoutube\Youtube\pawno\include\YSI_Coding\y_hooks\..\y_cgen\y_cgen.inc:132)
[12:25:16] [WARNING] mysql_connect: no password specified (D:\ §√‘ª∑—ÈßÀ¡¥\ §√‘ªYoutube\Youtube\gamemodes\Youtube.pwn:38 -> D:\ §√‘ª∑—ÈßÀ¡¥\ §√‘ªYoutube\Youtube\pawno\include\YSI_Coding\y_hooks\..\y_cgen\..\..\YSI_Core\y_core\..\..\indirection\indirection.inc:1034 -> D:\ §√‘ª∑—ÈßÀ¡¥\ §√‘ªYoutube\Youtube\pawno\include\YSI_Coding\y_hooks\..\y_cgen\y_cgen.inc:132)
[12:26:35] [WARNING] mysql_connect: no password specified (D:\ §√‘ª∑—ÈßÀ¡¥\ §√‘ªYoutube\Youtube\gamemodes\Youtube.pwn:38 -> D:\ §√‘ª∑—ÈßÀ¡¥\ §√‘ªYoutube\Youtube\pawno\include\YSI_Coding\y_hooks\..\y_cgen\..\..\YSI_Core\y_core\..\..\indirection\indirection.inc:1034 -> D:\ §√‘ª∑—ÈßÀ¡¥\ §√‘ªYoutube\Youtube\pawno\include\YSI_Coding\y_hooks\..\y_cgen\y_cgen.inc:132)
[12:52:36] [WARNING] mysql_connect: no password specified (D:\ §√‘ª∑—ÈßÀ¡¥\ §√‘ªYoutube\Youtube\gamemodes\Youtube.pwn:38 -> D:\ §√‘ª∑—ÈßÀ¡¥\ §√‘ªYoutube\Youtube\pawno\include\YSI_Coding\y_hooks\..\y_cgen\..\..\YSI_Core\y_core\..\..\indirection\indirection.inc:1034 -> D:\ §√‘ª∑—ÈßÀ¡¥\ §√‘ªYoutube\Youtube\pawno\include\YSI_Coding\y_hooks\..\y_cgen\y_cgen.inc:132)
[14:20:04] [WARNING] mysql_connect: no password specified (D:\ §√‘ª∑—ÈßÀ¡¥\ §√‘ªYoutube\Youtube\gamemodes\Youtube.pwn:38 -> D:\ §√‘ª∑—ÈßÀ¡¥\ §√‘ªYoutube\Youtube\pawno\include\YSI_Coding\y_hooks\..\y_cgen\..\..\YSI_Core\y_core\..\..\indirection\indirection.inc:1034 -> D:\ §√‘ª∑—ÈßÀ¡¥\ §√‘ªYoutube\Youtube\pawno\include\YSI_Coding\y_hooks\..\y_cgen\y_cgen.inc:132)
[14:20:13] [ERROR] cache_get_value_name: invalid row index '0' (number of rows: '0') (includes/callback/login.pwn:387)
[14:20:13] [ERROR] cache_get_value_name_int: invalid row index '0' (number of rows: '0') (includes/callback/login.pwn:388)
[09:32:23] [WARNING] mysql_connect: no password specified (C:\Users\WIN 10 OS\Desktop\ §√‘ª∑—ÈßÀ¡¥\ §√‘ªYoutube\Youtube\gamemodes\Youtube.pwn:37 -> C:\Users\WIN 10 OS\Desktop\ §√‘ª∑—ÈßÀ¡¥\ §√‘ªYoutube\Youtube\pawno\include\YSI_Coding\y_hooks\..\y_cgen\..\..\YSI_Core\y_core\..\..\indirection\indirection.inc:1034 -> C:\Users\WIN 10 OS\Desktop\ §√‘ª∑—ÈßÀ¡¥\ §√‘ªYoutube\Youtube\pawno\include\YSI_Coding\y_hooks\..\y_cgen\y_cgen.inc:132)
[09:35:11] [WARNING] mysql_connect: no password specified (C:\Users\WIN 10 OS\Desktop\ §√‘ª∑—ÈßÀ¡¥\ §√‘ªYoutube\Youtube\gamemodes\Youtube.pwn:37 -> C:\Users\WIN 10 OS\Desktop\ §√‘ª∑—ÈßÀ¡¥\ §√‘ªYoutube\Youtube\pawno\include\YSI_Coding\y_hooks\..\y_cgen\..\..\YSI_Core\y_core\..\..\indirection\indirection.inc:1034 -> C:\Users\WIN 10 OS\Desktop\ §√‘ª∑—ÈßÀ¡¥\ §√‘ªYoutube\Youtube\pawno\include\YSI_Coding\y_hooks\..\y_cgen\y_cgen.inc:132)
[09:51:09] [WARNING] mysql_connect: no password specified (C:\Users\WIN 10 OS\Desktop\ §√‘ª∑—ÈßÀ¡¥\ §√‘ªYoutube\Youtube\gamemodes\Youtube.pwn:38 -> C:\Users\WIN 10 OS\Desktop\ §√‘ª∑—ÈßÀ¡¥\ §√‘ªYoutube\Youtube\pawno\include\YSI_Coding\y_hooks\..\y_cgen\..\..\YSI_Core\y_core\..\..\indirection\indirection.inc:1034 -> C:\Users\WIN 10 OS\Desktop\ §√‘ª∑—ÈßÀ¡¥\ §√‘ªYoutube\Youtube\pawno\include\YSI_Coding\y_hooks\..\y_cgen\y_cgen.inc:132)
[09:51:47] [WARNING] mysql_connect: no password specified (C:\Users\WIN 10 OS\Desktop\ §√‘ª∑—ÈßÀ¡¥\ §√‘ªYoutube\Youtube\gamemodes\Youtube.pwn:38 -> C:\Users\WIN 10 OS\Desktop\ §√‘ª∑—ÈßÀ¡¥\ §√‘ªYoutube\Youtube\pawno\include\YSI_Coding\y_hooks\..\y_cgen\..\..\YSI_Core\y_core\..\..\indirection\indirection.inc:1034 -> C:\Users\WIN 10 OS\Desktop\ §√‘ª∑—ÈßÀ¡¥\ §√‘ªYoutube\Youtube\pawno\include\YSI_Coding\y_hooks\..\y_cgen\y_cgen.inc:132)
[09:53:28] [WARNING] mysql_connect: no password specified (C:\Users\WIN 10 OS\Desktop\ §√‘ª∑—ÈßÀ¡¥\ §√‘ªYoutube\Youtube\gamemodes\Youtube.pwn:38 -> C:\Users\WIN 10 OS\Desktop\ §√‘ª∑—ÈßÀ¡¥\ §√‘ªYoutube\Youtube\pawno\include\YSI_Coding\y_hooks\..\y_cgen\..\..\YSI_Core\y_core\..\..\indirection\indirection.inc:1034 -> C:\Users\WIN 10 OS\Desktop\ §√‘ª∑—ÈßÀ¡¥\ §√‘ªYoutube\Youtube\pawno\include\YSI_Coding\y_hooks\..\y_cgen\y_cgen.inc:132)
[07:44:19] [WARNING] mysql_connect: no password specified (C:\Users\WIN 10 OS\Desktop\ §√‘ª∑—ÈßÀ¡¥\ §√‘ªYoutube\Youtube\gamemodes\Youtube.pwn:42 -> C:\Users\WIN 10 OS\Desktop\ §√‘ª∑—ÈßÀ¡¥\ §√‘ªYoutube\Youtube\pawno\include\YSI_Coding\y_hooks\..\y_cgen\..\..\YSI_Core\y_core\..\..\indirection\indirection.inc:1034 -> C:\Users\WIN 10 OS\Desktop\ §√‘ª∑—ÈßÀ¡¥\ §√‘ªYoutube\Youtube\pawno\include\YSI_Coding\y_hooks\..\y_cgen\y_cgen.inc:132)
[07:53:03] [WARNING] mysql_connect: no password specified (C:\Users\WIN 10 OS\Desktop\ §√‘ª∑—ÈßÀ¡¥\ §√‘ªYoutube\Youtube\gamemodes\Youtube.pwn:42 -> C:\Users\WIN 10 OS\Desktop\ §√‘ª∑—ÈßÀ¡¥\ §√‘ªYoutube\Youtube\pawno\include\YSI_Coding\y_hooks\..\y_cgen\..\..\YSI_Core\y_core\..\..\indirection\indirection.inc:1034 -> C:\Users\WIN 10 OS\Desktop\ §√‘ª∑—ÈßÀ¡¥\ §√‘ªYoutube\Youtube\pawno\include\YSI_Coding\y_hooks\..\y_cgen\y_cgen.inc:132)
[07:53:41] [WARNING] mysql_connect: no password specified (C:\Users\WIN 10 OS\Desktop\ §√‘ª∑—ÈßÀ¡¥\ §√‘ªYoutube\Youtube\gamemodes\Youtube.pwn:42 -> C:\Users\WIN 10 OS\Desktop\ §√‘ª∑—ÈßÀ¡¥\ §√‘ªYoutube\Youtube\pawno\include\YSI_Coding\y_hooks\..\y_cgen\..\..\YSI_Core\y_core\..\..\indirection\indirection.inc:1034 -> C:\Users\WIN 10 OS\Desktop\ §√‘ª∑—ÈßÀ¡¥\ §√‘ªYoutube\Youtube\pawno\include\YSI_Coding\y_hooks\..\y_cgen\y_cgen.inc:132)
[07:59:49] [WARNING] mysql_connect: no password specified (C:\Users\WIN 10 OS\Desktop\ §√‘ª∑—ÈßÀ¡¥\ §√‘ªYoutube\Youtube\gamemodes\Youtube.pwn:42 -> C:\Users\WIN 10 OS\Desktop\ §√‘ª∑—ÈßÀ¡¥\ §√‘ªYoutube\Youtube\pawno\include\YSI_Coding\y_hooks\..\y_cgen\..\..\YSI_Core\y_core\..\..\indirection\indirection.inc:1034 -> C:\Users\WIN 10 OS\Desktop\ §√‘ª∑—ÈßÀ¡¥\ §√‘ªYoutube\Youtube\pawno\include\YSI_Coding\y_hooks\..\y_cgen\y_cgen.inc:132)
[08:01:09] [WARNING] mysql_connect: no password specified (C:\Users\WIN 10 OS\Desktop\ §√‘ª∑—ÈßÀ¡¥\ §√‘ªYoutube\Youtube\gamemodes\Youtube.pwn:42 -> C:\Users\WIN 10 OS\Desktop\ §√‘ª∑—ÈßÀ¡¥\ §√‘ªYoutube\Youtube\pawno\include\YSI_Coding\y_hooks\..\y_cgen\..\..\YSI_Core\y_core\..\..\indirection\indirection.inc:1034 -> C:\Users\WIN 10 OS\Desktop\ §√‘ª∑—ÈßÀ¡¥\ §√‘ªYoutube\Youtube\pawno\include\YSI_Coding\y_hooks\..\y_cgen\y_cgen.inc:132)
[08:01:34] [WARNING] mysql_connect: no password specified (C:\Users\WIN 10 OS\Desktop\ §√‘ª∑—ÈßÀ¡¥\ §√‘ªYoutube\Youtube\gamemodes\Youtube.pwn:42 -> C:\Users\WIN 10 OS\Desktop\ §√‘ª∑—ÈßÀ¡¥\ §√‘ªYoutube\Youtube\pawno\include\YSI_Coding\y_hooks\..\y_cgen\..\..\YSI_Core\y_core\..\..\indirection\indirection.inc:1034 -> C:\Users\WIN 10 OS\Desktop\ §√‘ª∑—ÈßÀ¡¥\ §√‘ªYoutube\Youtube\pawno\include\YSI_Coding\y_hooks\..\y_cgen\y_cgen.inc:132)
[08:03:01] [WARNING] mysql_connect: no password specified (C:\Users\WIN 10 OS\Desktop\ §√‘ª∑—ÈßÀ¡¥\ §√‘ªYoutube\Youtube\gamemodes\Youtube.pwn:42 -> C:\Users\WIN 10 OS\Desktop\ §√‘ª∑—ÈßÀ¡¥\ §√‘ªYoutube\Youtube\pawno\include\YSI_Coding\y_hooks\..\y_cgen\..\..\YSI_Core\y_core\..\..\indirection\indirection.inc:1034 -> C:\Users\WIN 10 OS\Desktop\ §√‘ª∑—ÈßÀ¡¥\ §√‘ªYoutube\Youtube\pawno\include\YSI_Coding\y_hooks\..\y_cgen\y_cgen.inc:132)
[08:03:40] [ERROR] cache_get_value_name: invalid row index '0' (number of rows: '0') (C:\Users\WIN 10 OS\Desktop\ §√‘ª∑—ÈßÀ¡¥\ §√‘ªYoutube\Youtube\gamemodes\includes/callback/login.pwn:391)
[08:03:40] [ERROR] cache_get_value_name_int: invalid row index '0' (number of rows: '0') (C:\Users\WIN 10 OS\Desktop\ §√‘ª∑—ÈßÀ¡¥\ §√‘ªYoutube\Youtube\gamemodes\includes/callback/login.pwn:392)
[08:09:08] [WARNING] mysql_connect: no password specified (C:\Users\WIN 10 OS\Desktop\ §√‘ª∑—ÈßÀ¡¥\ §√‘ªYoutube\Youtube\gamemodes\Youtube.pwn:42 -> C:\Users\WIN 10 OS\Desktop\ §√‘ª∑—ÈßÀ¡¥\ §√‘ªYoutube\Youtube\pawno\include\YSI_Coding\y_hooks\..\y_cgen\..\..\YSI_Core\y_core\..\..\indirection\indirection.inc:1034 -> C:\Users\WIN 10 OS\Desktop\ §√‘ª∑—ÈßÀ¡¥\ §√‘ªYoutube\Youtube\pawno\include\YSI_Coding\y_hooks\..\y_cgen\y_cgen.inc:132)
[08:19:34] [WARNING] mysql_connect: no password specified (C:\Users\WIN 10 OS\Desktop\ §√‘ª∑—ÈßÀ¡¥\ §√‘ªYoutube\Youtube\gamemodes\Youtube.pwn:42 -> C:\Users\WIN 10 OS\Desktop\ §√‘ª∑—ÈßÀ¡¥\ §√‘ªYoutube\Youtube\pawno\include\YSI_Coding\y_hooks\..\y_cgen\..\..\YSI_Core\y_core\..\..\indirection\indirection.inc:1034 -> C:\Users\WIN 10 OS\Desktop\ §√‘ª∑—ÈßÀ¡¥\ §√‘ªYoutube\Youtube\pawno\include\YSI_Coding\y_hooks\..\y_cgen\y_cgen.inc:132)
[08:21:42] [WARNING] mysql_connect: no password specified (C:\Users\WIN 10 OS\Desktop\ §√‘ª∑—ÈßÀ¡¥\ §√‘ªYoutube\Youtube\gamemodes\Youtube.pwn:42 -> C:\Users\WIN 10 OS\Desktop\ §√‘ª∑—ÈßÀ¡¥\ §√‘ªYoutube\Youtube\pawno\include\YSI_Coding\y_hooks\..\y_cgen\..\..\YSI_Core\y_core\..\..\indirection\indirection.inc:1034 -> C:\Users\WIN 10 OS\Desktop\ §√‘ª∑—ÈßÀ¡¥\ §√‘ªYoutube\Youtube\pawno\include\YSI_Coding\y_hooks\..\y_cgen\y_cgen.inc:132)
[08:25:40] [WARNING] mysql_connect: no password specified (C:\Users\WIN 10 OS\Desktop\ §√‘ª∑—ÈßÀ¡¥\ §√‘ªYoutube\Youtube\gamemodes\Youtube.pwn:42 -> C:\Users\WIN 10 OS\Desktop\ §√‘ª∑—ÈßÀ¡¥\ §√‘ªYoutube\Youtube\pawno\include\YSI_Coding\y_hooks\..\y_cgen\..\..\YSI_Core\y_core\..\..\indirection\indirection.inc:1034 -> C:\Users\WIN 10 OS\Desktop\ §√‘ª∑—ÈßÀ¡¥\ §√‘ªYoutube\Youtube\pawno\include\YSI_Coding\y_hooks\..\y_cgen\y_cgen.inc:132)
[08:29:07] [WARNING] mysql_connect: no password specified (C:\Users\WIN 10 OS\Desktop\ §√‘ª∑—ÈßÀ¡¥\ §√‘ªYoutube\Youtube\gamemodes\Youtube.pwn:42 -> C:\Users\WIN 10 OS\Desktop\ §√‘ª∑—ÈßÀ¡¥\ §√‘ªYoutube\Youtube\pawno\include\YSI_Coding\y_hooks\..\y_cgen\..\..\YSI_Core\y_core\..\..\indirection\indirection.inc:1034 -> C:\Users\WIN 10 OS\Desktop\ §√‘ª∑—ÈßÀ¡¥\ §√‘ªYoutube\Youtube\pawno\include\YSI_Coding\y_hooks\..\y_cgen\y_cgen.inc:132)
[08:31:56] [WARNING] mysql_connect: no password specified (C:\Users\WIN 10 OS\Desktop\ §√‘ª∑—ÈßÀ¡¥\ §√‘ªYoutube\Youtube\gamemodes\Youtube.pwn:42 -> C:\Users\WIN 10 OS\Desktop\ §√‘ª∑—ÈßÀ¡¥\ §√‘ªYoutube\Youtube\pawno\include\YSI_Coding\y_hooks\..\y_cgen\..\..\YSI_Core\y_core\..\..\indirection\indirection.inc:1034 -> C:\Users\WIN 10 OS\Desktop\ §√‘ª∑—ÈßÀ¡¥\ §√‘ªYoutube\Youtube\pawno\include\YSI_Coding\y_hooks\..\y_cgen\y_cgen.inc:132)
[08:33:14] [WARNING] mysql_connect: no password specified (C:\Users\WIN 10 OS\Desktop\ §√‘ª∑—ÈßÀ¡¥\ §√‘ªYoutube\Youtube\gamemodes\Youtube.pwn:42 -> C:\Users\WIN 10 OS\Desktop\ §√‘ª∑—ÈßÀ¡¥\ §√‘ªYoutube\Youtube\pawno\include\YSI_Coding\y_hooks\..\y_cgen\..\..\YSI_Core\y_core\..\..\indirection\indirection.inc:1034 -> C:\Users\WIN 10 OS\Desktop\ §√‘ª∑—ÈßÀ¡¥\ §√‘ªYoutube\Youtube\pawno\include\YSI_Coding\y_hooks\..\y_cgen\y_cgen.inc:132)
[08:36:28] [WARNING] mysql_connect: no password specified (C:\Users\WIN 10 OS\Desktop\ §√‘ª∑—ÈßÀ¡¥\ §√‘ªYoutube\Youtube\gamemodes\Youtube.pwn:42 -> C:\Users\WIN 10 OS\Desktop\ §√‘ª∑—ÈßÀ¡¥\ §√‘ªYoutube\Youtube\pawno\include\YSI_Coding\y_hooks\..\y_cgen\..\..\YSI_Core\y_core\..\..\indirection\indirection.inc:1034 -> C:\Users\WIN 10 OS\Desktop\ §√‘ª∑—ÈßÀ¡¥\ §√‘ªYoutube\Youtube\pawno\include\YSI_Coding\y_hooks\..\y_cgen\y_cgen.inc:132)
[08:39:59] [WARNING] mysql_connect: no password specified (C:\Users\WIN 10 OS\Desktop\ §√‘ª∑—ÈßÀ¡¥\ §√‘ªYoutube\Youtube\gamemodes\Youtube.pwn:42 -> C:\Users\WIN 10 OS\Desktop\ §√‘ª∑—ÈßÀ¡¥\ §√‘ªYoutube\Youtube\pawno\include\YSI_Coding\y_hooks\..\y_cgen\..\..\YSI_Core\y_core\..\..\indirection\indirection.inc:1034 -> C:\Users\WIN 10 OS\Desktop\ §√‘ª∑—ÈßÀ¡¥\ §√‘ªYoutube\Youtube\pawno\include\YSI_Coding\y_hooks\..\y_cgen\y_cgen.inc:132)
[08:42:06] [WARNING] mysql_connect: no password specified (C:\Users\WIN 10 OS\Desktop\ §√‘ª∑—ÈßÀ¡¥\ §√‘ªYoutube\Youtube\gamemodes\Youtube.pwn:42 -> C:\Users\WIN 10 OS\Desktop\ §√‘ª∑—ÈßÀ¡¥\ §√‘ªYoutube\Youtube\pawno\include\YSI_Coding\y_hooks\..\y_cgen\..\..\YSI_Core\y_core\..\..\indirection\indirection.inc:1034 -> C:\Users\WIN 10 OS\Desktop\ §√‘ª∑—ÈßÀ¡¥\ §√‘ªYoutube\Youtube\pawno\include\YSI_Coding\y_hooks\..\y_cgen\y_cgen.inc:132)
[08:44:21] [WARNING] mysql_connect: no password specified (C:\Users\WIN 10 OS\Desktop\ §√‘ª∑—ÈßÀ¡¥\ §√‘ªYoutube\Youtube\gamemodes\Youtube.pwn:42 -> C:\Users\WIN 10 OS\Desktop\ §√‘ª∑—ÈßÀ¡¥\ §√‘ªYoutube\Youtube\pawno\include\YSI_Coding\y_hooks\..\y_cgen\..\..\YSI_Core\y_core\..\..\indirection\indirection.inc:1034 -> C:\Users\WIN 10 OS\Desktop\ §√‘ª∑—ÈßÀ¡¥\ §√‘ªYoutube\Youtube\pawno\include\YSI_Coding\y_hooks\..\y_cgen\y_cgen.inc:132)
